[2024-03-06 07:36:42] local.ERROR: SQLSTATE[HY000] [1049] Unknown database 'laravel' (Connection: mysql, SQL: select * from `animals`) {"exception":"[object] (Illuminate\\Database\\QueryException(code: 1049): SQLSTATE[HY000] [1049] Unknown database 'laravel' (Connection: mysql, SQL: select * from `animals`) at C:\\Miquel\\BonProjecte\\unbonprojecte-fabianmiquel-1\\back\\fabianmiquel\\vendor\\laravel\\framework\\src\\Illuminate\\Database\\Connection.php:829)
[stacktrace]
#0 C:\\Miquel\\BonProjecte\\unbonprojecte-fabianmiquel-1\\back\\fabianmiquel\\vendor\\laravel\\framework\\src\\Illuminate\\Database\\Connection.php(783): Illuminate\\Database\\Connection->runQueryCallback('select * from `...', Array, Object(Closure))
#1 C:\\Miquel\\BonProjecte\\unbonprojecte-fabianmiquel-1\\back\\fabianmiquel\\vendor\\laravel\\framework\\src\\Illuminate\\Database\\Connection.php(431): Illuminate\\Database\\Connection->run('select * from `...', Array, Object(Closure))
#2 C:\\Miquel\\BonProjecte\\unbonprojecte-fabianmiquel-1\\back\\fabianmiquel\\vendor\\laravel\\framework\\src\\Illuminate\\Database\\Query\\Builder.php(2798): Illuminate\\Database\\Connection->select('select * from `...', Array, true)
#3 C:\\Miquel\\BonProjecte\\unbonprojecte-fabianmiquel-1\\back\\fabianmiquel\\vendor\\laravel\\framework\\src\\Illuminate\\Database\\Query\\Builder.php(2786): Illuminate\\Database\\Query\\Builder->runSelect()
#4 C:\\Miquel\\BonProjecte\\unbonprojecte-fabianmiquel-1\\back\\fabianmiquel\\vendor\\laravel\\framework\\src\\Illuminate\\Database\\Query\\Builder.php(3340): Illuminate\\Database\\Query\\Builder->Illuminate\\Database\\Query\\{closure}()
#5 C:\\Miquel\\BonProjecte\\unbonprojecte-fabianmiquel-1\\back\\fabianmiquel\\vendor\\laravel\\framework\\src\\Illuminate\\Database\\Query\\Builder.php(2787): Illuminate\\Database\\Query\\Builder->onceWithColumns(Array, Object(Closure))
#6 C:\\Miquel\\BonProjecte\\unbonprojecte-fabianmiquel-1\\back\\fabianmiquel\\vendor\\laravel\\framework\\src\\Illuminate\\Database\\Eloquent\\Builder.php(738): Illuminate\\Database\\Query\\Builder->get(Array)
#7 C:\\Miquel\\BonProjecte\\unbonprojecte-fabianmiquel-1\\back\\fabianmiquel\\vendor\\laravel\\framework\\src\\Illuminate\\Database\\Eloquent\\Builder.php(722): Illuminate\\Database\\Eloquent\\Builder->getModels(Array)
#8 C:\\Miquel\\BonProjecte\\unbonprojecte-fabianmiquel-1\\back\\fabianmiquel\\vendor\\laravel\\framework\\src\\Illuminate\\Database\\Eloquent\\Model.php(675): Illuminate\\Database\\Eloquent\\Builder->get(Array)
#9 C:\\Miquel\\BonProjecte\\unbonprojecte-fabianmiquel-1\\back\\fabianmiquel\\app\\Http\\Controllers\\AnimalController.php(15): Illuminate\\Database\\Eloquent\\Model::all()
#10 C:\\Miquel\\BonProjecte\\unbonprojecte-fabianmiquel-1\\back\\fabianmiquel\\vendor\\laravel\\framework\\src\\Illuminate\\Routing\\Controller.php(54): App\\Http\\Controllers\\AnimalController->index()
#11 C:\\Miquel\\BonProjecte\\unbonprojecte-fabianmiquel-1\\back\\fabianmiquel\\vendor\\laravel\\framework\\src\\Illuminate\\Routing\\ControllerDispatcher.php(43): Illuminate\\Routing\\Controller->callAction('index', Array)
#12 C:\\Miquel\\BonProjecte\\unbonprojecte-fabianmiquel-1\\back\\fabianmiquel\\vendor\\laravel\\framework\\src\\Illuminate\\Routing\\Route.php(260): Illuminate\\Routing\\ControllerDispatcher->dispatch(Object(Illuminate\\Routing\\Route), Object(App\\Http\\Controllers\\AnimalController), 'index')
#13 C:\\Miquel\\BonProjecte\\unbonprojecte-fabianmiquel-1\\back\\fabianmiquel\\vendor\\laravel\\framework\\src\\Illuminate\\Routing\\Route.php(205): Illuminate\\Routing\\Route->runController()
#14 C:\\Miquel\\BonProjecte\\unbonprojecte-fabianmiquel-1\\back\\fabianmiquel\\vendor\\laravel\\framework\\src\\Illuminate\\Routing\\Router.php(806): Illuminate\\Routing\\Route->run()
#15 C:\\Miquel\\BonProjecte\\unbonprojecte-fabianmiquel-1\\back\\fabianmiquel\\vendor\\laravel\\framework\\src\\Illuminate\\Pipeline\\Pipeline.php(144): Illuminate\\Routing\\Router->Illuminate\\Routing\\{closure}(Object(Illuminate\\Http\\Request))
#16 C:\\Miquel\\BonProjecte\\unbonprojecte-fabianmiquel-1\\back\\fabianmiquel\\vendor\\laravel\\framework\\src\\Illuminate\\Routing\\Middleware\\SubstituteBindings.php(50): Illuminate\\Pipeline\\Pipeline->Illuminate\\Pipeline\\{closure}(Object(Illuminate\\Http\\Request))
#17 C:\\Miquel\\BonProjecte\\unbonprojecte-fabianmiquel-1\\back\\fabianmiquel\\vendor\\laravel\\framework\\src\\Illuminate\\Pipeline\\Pipeline.php(183): Illuminate\\Routing\\Middleware\\SubstituteBindings->handle(Object(Illuminate\\Http\\Request), Object(Closure))
#18 C:\\Miquel\\BonProjecte\\unbonprojecte-fabianmiquel-1\\back\\fabianmiquel\\vendor\\laravel\\framework\\src\\Illuminate\\Routing\\Middleware\\ThrottleRequests.php(159): Illuminate\\Pipeline\\Pipeline->Illuminate\\Pipeline\\{closure}(Object(Illuminate\\Http\\Request))
#19 C:\\Miquel\\BonProjecte\\unbonprojecte-fabianmiquel-1\\back\\fabianmiquel\\vendor\\laravel\\framework\\src\\Illuminate\\Routing\\Middleware\\ThrottleRequests.php(135): Illuminate\\Routing\\Middleware\\ThrottleRequests->handleRequest(Object(Illuminate\\Http\\Request), Object(Closure), Array)
#20 C:\\Miquel\\BonProjecte\\unbonprojecte-fabianmiquel-1\\back\\fabianmiquel\\vendor\\laravel\\framework\\src\\Illuminate\\Routing\\Middleware\\ThrottleRequests.php(87): Illuminate\\Routing\\Middleware\\ThrottleRequests->handleRequestUsingNamedLimiter(Object(Illuminate\\Http\\Request), Object(Closure), 'api', Object(Closure))
#21 C:\\Miquel\\BonProjecte\\unbonprojecte-fabianmiquel-1\\back\\fabianmiquel\\vendor\\laravel\\framework\\src\\Illuminate\\Pipeline\\Pipeline.php(183): Illuminate\\Routing\\Middleware\\ThrottleRequests->handle(Object(Illuminate\\Http\\Request), Object(Closure), 'api')
#22 C:\\Miquel\\BonProjecte\\unbonprojecte-fabianmiquel-1\\back\\fabianmiquel\\vendor\\laravel\\framework\\src\\Illuminate\\Pipeline\\Pipeline.php(119): Illuminate\\Pipeline\\Pipeline->Illuminate\\Pipeline\\{closure}(Object(Illuminate\\Http\\Request))
#23 C:\\Miquel\\BonProjecte\\unbonprojecte-fabianmiquel-1\\back\\fabianmiquel\\vendor\\laravel\\framework\\src\\Illuminate\\Routing\\Router.php(807): Illuminate\\Pipeline\\Pipeline->then(Object(Closure))
#24 C:\\Miquel\\BonProjecte\\unbonprojecte-fabianmiquel-1\\back\\fabianmiquel\\vendor\\laravel\\framework\\src\\Illuminate\\Routing\\Router.php(784): Illuminate\\Routing\\Router->runRouteWithinStack(Object(Illuminate\\Routing\\Route), Object(Illuminate\\Http\\Request))
#25 C:\\Miquel\\BonProjecte\\unbonprojecte-fabianmiquel-1\\back\\fabianmiquel\\vendor\\laravel\\framework\\src\\Illuminate\\Routing\\Router.php(748): Illuminate\\Routing\\Router->runRoute(Object(Illuminate\\Http\\Request), Object(Illuminate\\Routing\\Route))
#26 C:\\Miquel\\BonProjecte\\unbonprojecte-fabianmiquel-1\\back\\fabianmiquel\\vendor\\laravel\\framework\\src\\Illuminate\\Routing\\Router.php(737): Illuminate\\Routing\\Router->dispatchToRoute(Object(Illuminate\\Http\\Request))
#27 C:\\Miquel\\BonProjecte\\unbonprojecte-fabianmiquel-1\\back\\fabianmiquel\\vendor\\laravel\\framework\\src\\Illuminate\\Foundation\\Http\\Kernel.php(200): Illuminate\\Routing\\Router->dispatch(Object(Illuminate\\Http\\Request))
#28 C:\\Miquel\\BonProjecte\\unbonprojecte-fabianmiquel-1\\back\\fabianmiquel\\vendor\\laravel\\framework\\src\\Illuminate\\Pipeline\\Pipeline.php(144): Illuminate\\Foundation\\Http\\Kernel->Illuminate\\Foundation\\Http\\{closure}(Object(Illuminate\\Http\\Request))
#29 C:\\Miquel\\BonProjecte\\unbonprojecte-fabianmiquel-1\\back\\fabianmiquel\\vendor\\laravel\\framework\\src\\Illuminate\\Foundation\\Http\\Middleware\\TransformsRequest.php(21): Illuminate\\Pipeline\\Pipeline->Illuminate\\Pipeline\\{closure}(Object(Illuminate\\Http\\Request))
#30 C:\\Miquel\\BonProjecte\\unbonprojecte-fabianmiquel-1\\back\\fabianmiquel\\vendor\\laravel\\framework\\src\\Illuminate\\Foundation\\Http\\Middleware\\ConvertEmptyStringsToNull.php(31): Illuminate\\Foundation\\Http\\Middleware\\TransformsRequest->handle(Object(Illuminate\\Http\\Request), Object(Closure))
#31 C:\\Miquel\\BonProjecte\\unbonprojecte-fabianmiquel-1\\back\\fabianmiquel\\vendor\\laravel\\framework\\src\\Illuminate\\Pipeline\\Pipeline.php(183): Illuminate\\Foundation\\Http\\Middleware\\ConvertEmptyStringsToNull->handle(Object(Illuminate\\Http\\Request), Object(Closure))
#32 C:\\Miquel\\BonProjecte\\unbonprojecte-fabianmiquel-1\\back\\fabianmiquel\\vendor\\laravel\\framework\\src\\Illuminate\\Foundation\\Http\\Middleware\\TransformsRequest.php(21): Illuminate\\Pipeline\\Pipeline->Illuminate\\Pipeline\\{closure}(Object(Illuminate\\Http\\Request))
#33 C:\\Miquel\\BonProjecte\\unbonprojecte-fabianmiquel-1\\back\\fabianmiquel\\vendor\\laravel\\framework\\src\\Illuminate\\Foundation\\Http\\Middleware\\TrimStrings.php(40): Illuminate\\Foundation\\Http\\Middleware\\TransformsRequest->handle(Object(Illuminate\\Http\\Request), Object(Closure))
#34 C:\\Miquel\\BonProjecte\\unbonprojecte-fabianmiquel-1\\back\\fabianmiquel\\vendor\\laravel\\framework\\src\\Illuminate\\Pipeline\\Pipeline.php(183): Illuminate\\Foundation\\Http\\Middleware\\TrimStrings->handle(Object(Illuminate\\Http\\Request), Object(Closure))
#35 C:\\Miquel\\BonProjecte\\unbonprojecte-fabianmiquel-1\\back\\fabianmiquel\\vendor\\laravel\\framework\\src\\Illuminate\\Foundation\\Http\\Middleware\\ValidatePostSize.php(27): Illuminate\\Pipeline\\Pipeline->Illuminate\\Pipeline\\{closure}(Object(Illuminate\\Http\\Request))
#36 C:\\Miquel\\BonProjecte\\unbonprojecte-fabianmiquel-1\\back\\fabianmiquel\\vendor\\laravel\\framework\\src\\Illuminate\\Pipeline\\Pipeline.php(183): Illuminate\\Foundation\\Http\\Middleware\\ValidatePostSize->handle(Object(Illuminate\\Http\\Request), Object(Closure))
#37 C:\\Miquel\\BonProjecte\\unbonprojecte-fabianmiquel-1\\back\\fabianmiquel\\vendor\\laravel\\framework\\src\\Illuminate\\Foundation\\Http\\Middleware\\PreventRequestsDuringMaintenance.php(99): Illuminate\\Pipeline\\Pipeline->Illuminate\\Pipeline\\{closure}(Object(Illuminate\\Http\\Request))
#38 C:\\Miquel\\BonProjecte\\unbonprojecte-fabianmiquel-1\\back\\fabianmiquel\\vendor\\laravel\\framework\\src\\Illuminate\\Pipeline\\Pipeline.php(183): Illuminate\\Foundation\\Http\\Middleware\\PreventRequestsDuringMaintenance->handle(Object(Illuminate\\Http\\Request), Object(Closure))
#39 C:\\Miquel\\BonProjecte\\unbonprojecte-fabianmiquel-1\\back\\fabianmiquel\\vendor\\laravel\\framework\\src\\Illuminate\\Http\\Middleware\\HandleCors.php(62): Illuminate\\Pipeline\\Pipeline->Illuminate\\Pipeline\\{closure}(Object(Illuminate\\Http\\Request))
#40 C:\\Miquel\\BonProjecte\\unbonprojecte-fabianmiquel-1\\back\\fabianmiquel\\vendor\\laravel\\framework\\src\\Illuminate\\Pipeline\\Pipeline.php(183): Illuminate\\Http\\Middleware\\HandleCors->handle(Object(Illuminate\\Http\\Request), Object(Closure))
#41 C:\\Miquel\\BonProjecte\\unbonprojecte-fabianmiquel-1\\back\\fabianmiquel\\vendor\\laravel\\framework\\src\\Illuminate\\Http\\Middleware\\TrustProxies.php(39): Illuminate\\Pipeline\\Pipeline->Illuminate\\Pipeline\\{closure}(Object(Illuminate\\Http\\Request))
#42 C:\\Miquel\\BonProjecte\\unbonprojecte-fabianmiquel-1\\back\\fabianmiquel\\vendor\\laravel\\framework\\src\\Illuminate\\Pipeline\\Pipeline.php(183): Illuminate\\Http\\Middleware\\TrustProxies->handle(Object(Illuminate\\Http\\Request), Object(Closure))
#43 C:\\Miquel\\BonProjecte\\unbonprojecte-fabianmiquel-1\\back\\fabianmiquel\\vendor\\laravel\\framework\\src\\Illuminate\\Pipeline\\Pipeline.php(119): Illuminate\\Pipeline\\Pipeline->Illuminate\\Pipeline\\{closure}(Object(Illuminate\\Http\\Request))
#44 C:\\Miquel\\BonProjecte\\unbonprojecte-fabianmiquel-1\\back\\fabianmiquel\\vendor\\laravel\\framework\\src\\Illuminate\\Foundation\\Http\\Kernel.php(175): Illuminate\\Pipeline\\Pipeline->then(Object(Closure))
#45 C:\\Miquel\\BonProjecte\\unbonprojecte-fabianmiquel-1\\back\\fabianmiquel\\vendor\\laravel\\framework\\src\\Illuminate\\Foundation\\Http\\Kernel.php(144): Illuminate\\Foundation\\Http\\Kernel->sendRequestThroughRouter(Object(Illuminate\\Http\\Request))
#46 C:\\Miquel\\BonProjecte\\unbonprojecte-fabianmiquel-1\\back\\fabianmiquel\\public\\index.php(52): Illuminate\\Foundation\\Http\\Kernel->handle(Object(Illuminate\\Http\\Request))
#47 C:\\Miquel\\BonProjecte\\unbonprojecte-fabianmiquel-1\\back\\fabianmiquel\\vendor\\laravel\\framework\\src\\Illuminate\\Foundation\\resources\\server.php(16): require_once('C:\\\\Miquel\\\\BonPr...')
#48 {main}

[previous exception] [object] (PDOException(code: 1049): SQLSTATE[HY000] [1049] Unknown database 'laravel' at C:\\Miquel\\BonProjecte\\unbonprojecte-fabianmiquel-1\\back\\fabianmiquel\\vendor\\laravel\\framework\\src\\Illuminate\\Database\\Connectors\\Connector.php:65)
[stacktrace]
#0 C:\\Miquel\\BonProjecte\\unbonprojecte-fabianmiquel-1\\back\\fabianmiquel\\vendor\\laravel\\framework\\src\\Illuminate\\Database\\Connectors\\Connector.php(65): PDO->__construct('mysql:host=127....', 'root', '', Array)
#1 C:\\Miquel\\BonProjecte\\unbonprojecte-fabianmiquel-1\\back\\fabianmiquel\\vendor\\laravel\\framework\\src\\Illuminate\\Database\\Connectors\\Connector.php(45): Illuminate\\Database\\Connectors\\Connector->createPdoConnection('mysql:host=127....', 'root', '', Array)
#2 C:\\Miquel\\BonProjecte\\unbonprojecte-fabianmiquel-1\\back\\fabianmiquel\\vendor\\laravel\\framework\\src\\Illuminate\\Database\\Connectors\\MySqlConnector.php(24): Illuminate\\Database\\Connectors\\Connector->createConnection('mysql:host=127....', Array, Array)
#3 C:\\Miquel\\BonProjecte\\unbonprojecte-fabianmiquel-1\\back\\fabianmiquel\\vendor\\laravel\\framework\\src\\Illuminate\\Database\\Connectors\\ConnectionFactory.php(184): Illuminate\\Database\\Connectors\\MySqlConnector->connect(Array)
#4 [internal function]: Illuminate\\Database\\Connectors\\ConnectionFactory->Illuminate\\Database\\Connectors\\{closure}()
#5 C:\\Miquel\\BonProjecte\\unbonprojecte-fabianmiquel-1\\back\\fabianmiquel\\vendor\\laravel\\framework\\src\\Illuminate\\Database\\Connection.php(1339): call_user_func(Object(Closure))
#6 C:\\Miquel\\BonProjecte\\unbonprojecte-fabianmiquel-1\\back\\fabianmiquel\\vendor\\laravel\\framework\\src\\Illuminate\\Database\\Connection.php(1375): Illuminate\\Database\\Connection->getPdo()
#7 C:\\Miquel\\BonProjecte\\unbonprojecte-fabianmiquel-1\\back\\fabianmiquel\\vendor\\laravel\\framework\\src\\Illuminate\\Database\\Connection.php(528): Illuminate\\Database\\Connection->getReadPdo()
#8 C:\\Miquel\\BonProjecte\\unbonprojecte-fabianmiquel-1\\back\\fabianmiquel\\vendor\\laravel\\framework\\src\\Illuminate\\Database\\Connection.php(423): Illuminate\\Database\\Connection->getPdoForSelect(true)
#9 C:\\Miquel\\BonProjecte\\unbonprojecte-fabianmiquel-1\\back\\fabianmiquel\\vendor\\laravel\\framework\\src\\Illuminate\\Database\\Connection.php(816): Illuminate\\Database\\Connection->Illuminate\\Database\\{closure}('select * from `...', Array)
#10 C:\\Miquel\\BonProjecte\\unbonprojecte-fabianmiquel-1\\back\\fabianmiquel\\vendor\\laravel\\framework\\src\\Illuminate\\Database\\Connection.php(783): Illuminate\\Database\\Connection->runQueryCallback('select * from `...', Array, Object(Closure))
#11 C:\\Miquel\\BonProjecte\\unbonprojecte-fabianmiquel-1\\back\\fabianmiquel\\vendor\\laravel\\framework\\src\\Illuminate\\Database\\Connection.php(431): Illuminate\\Database\\Connection->run('select * from `...', Array, Object(Closure))
#12 C:\\Miquel\\BonProjecte\\unbonprojecte-fabianmiquel-1\\back\\fabianmiquel\\vendor\\laravel\\framework\\src\\Illuminate\\Database\\Query\\Builder.php(2798): Illuminate\\Database\\Connection->select('select * from `...', Array, true)
#13 C:\\Miquel\\BonProjecte\\unbonprojecte-fabianmiquel-1\\back\\fabianmiquel\\vendor\\laravel\\framework\\src\\Illuminate\\Database\\Query\\Builder.php(2786): Illuminate\\Database\\Query\\Builder->runSelect()
#14 C:\\Miquel\\BonProjecte\\unbonprojecte-fabianmiquel-1\\back\\fabianmiquel\\vendor\\laravel\\framework\\src\\Illuminate\\Database\\Query\\Builder.php(3340): Illuminate\\Database\\Query\\Builder->Illuminate\\Database\\Query\\{closure}()
#15 C:\\Miquel\\BonProjecte\\unbonprojecte-fabianmiquel-1\\back\\fabianmiquel\\vendor\\laravel\\framework\\src\\Illuminate\\Database\\Query\\Builder.php(2787): Illuminate\\Database\\Query\\Builder->onceWithColumns(Array, Object(Closure))
#16 C:\\Miquel\\BonProjecte\\unbonprojecte-fabianmiquel-1\\back\\fabianmiquel\\vendor\\laravel\\framework\\src\\Illuminate\\Database\\Eloquent\\Builder.php(738): Illuminate\\Database\\Query\\Builder->get(Array)
#17 C:\\Miquel\\BonProjecte\\unbonprojecte-fabianmiquel-1\\back\\fabianmiquel\\vendor\\laravel\\framework\\src\\Illuminate\\Database\\Eloquent\\Builder.php(722): Illuminate\\Database\\Eloquent\\Builder->getModels(Array)
#18 C:\\Miquel\\BonProjecte\\unbonprojecte-fabianmiquel-1\\back\\fabianmiquel\\vendor\\laravel\\framework\\src\\Illuminate\\Database\\Eloquent\\Model.php(675): Illuminate\\Database\\Eloquent\\Builder->get(Array)
#19 C:\\Miquel\\BonProjecte\\unbonprojecte-fabianmiquel-1\\back\\fabianmiquel\\app\\Http\\Controllers\\AnimalController.php(15): Illuminate\\Database\\Eloquent\\Model::all()
#20 C:\\Miquel\\BonProjecte\\unbonprojecte-fabianmiquel-1\\back\\fabianmiquel\\vendor\\laravel\\framework\\src\\Illuminate\\Routing\\Controller.php(54): App\\Http\\Controllers\\AnimalController->index()
#21 C:\\Miquel\\BonProjecte\\unbonprojecte-fabianmiquel-1\\back\\fabianmiquel\\vendor\\laravel\\framework\\src\\Illuminate\\Routing\\ControllerDispatcher.php(43): Illuminate\\Routing\\Controller->callAction('index', Array)
#22 C:\\Miquel\\BonProjecte\\unbonprojecte-fabianmiquel-1\\back\\fabianmiquel\\vendor\\laravel\\framework\\src\\Illuminate\\Routing\\Route.php(260): Illuminate\\Routing\\ControllerDispatcher->dispatch(Object(Illuminate\\Routing\\Route), Object(App\\Http\\Controllers\\AnimalController), 'index')
#23 C:\\Miquel\\BonProjecte\\unbonprojecte-fabianmiquel-1\\back\\fabianmiquel\\vendor\\laravel\\framework\\src\\Illuminate\\Routing\\Route.php(205): Illuminate\\Routing\\Route->runController()
#24 C:\\Miquel\\BonProjecte\\unbonprojecte-fabianmiquel-1\\back\\fabianmiquel\\vendor\\laravel\\framework\\src\\Illuminate\\Routing\\Router.php(806): Illuminate\\Routing\\Route->run()
#25 C:\\Miquel\\BonProjecte\\unbonprojecte-fabianmiquel-1\\back\\fabianmiquel\\vendor\\laravel\\framework\\src\\Illuminate\\Pipeline\\Pipeline.php(144): Illuminate\\Routing\\Router->Illuminate\\Routing\\{closure}(Object(Illuminate\\Http\\Request))
#26 C:\\Miquel\\BonProjecte\\unbonprojecte-fabianmiquel-1\\back\\fabianmiquel\\vendor\\laravel\\framework\\src\\Illuminate\\Routing\\Middleware\\SubstituteBindings.php(50): Illuminate\\Pipeline\\Pipeline->Illuminate\\Pipeline\\{closure}(Object(Illuminate\\Http\\Request))
#27 C:\\Miquel\\BonProjecte\\unbonprojecte-fabianmiquel-1\\back\\fabianmiquel\\vendor\\laravel\\framework\\src\\Illuminate\\Pipeline\\Pipeline.php(183): Illuminate\\Routing\\Middleware\\SubstituteBindings->handle(Object(Illuminate\\Http\\Request), Object(Closure))
#28 C:\\Miquel\\BonProjecte\\unbonprojecte-fabianmiquel-1\\back\\fabianmiquel\\vendor\\laravel\\framework\\src\\Illuminate\\Routing\\Middleware\\ThrottleRequests.php(159): Illuminate\\Pipeline\\Pipeline->Illuminate\\Pipeline\\{closure}(Object(Illuminate\\Http\\Request))
#29 C:\\Miquel\\BonProjecte\\unbonprojecte-fabianmiquel-1\\back\\fabianmiquel\\vendor\\laravel\\framework\\src\\Illuminate\\Routing\\Middleware\\ThrottleRequests.php(135): Illuminate\\Routing\\Middleware\\ThrottleRequests->handleRequest(Object(Illuminate\\Http\\Request), Object(Closure), Array)
#30 C:\\Miquel\\BonProjecte\\unbonprojecte-fabianmiquel-1\\back\\fabianmiquel\\vendor\\laravel\\framework\\src\\Illuminate\\Routing\\Middleware\\ThrottleRequests.php(87): Illuminate\\Routing\\Middleware\\ThrottleRequests->handleRequestUsingNamedLimiter(Object(Illuminate\\Http\\Request), Object(Closure), 'api', Object(Closure))
#31 C:\\Miquel\\BonProjecte\\unbonprojecte-fabianmiquel-1\\back\\fabianmiquel\\vendor\\laravel\\framework\\src\\Illuminate\\Pipeline\\Pipeline.php(183): Illuminate\\Routing\\Middleware\\ThrottleRequests->handle(Object(Illuminate\\Http\\Request), Object(Closure), 'api')
#32 C:\\Miquel\\BonProjecte\\unbonprojecte-fabianmiquel-1\\back\\fabianmiquel\\vendor\\laravel\\framework\\src\\Illuminate\\Pipeline\\Pipeline.php(119): Illuminate\\Pipeline\\Pipeline->Illuminate\\Pipeline\\{closure}(Object(Illuminate\\Http\\Request))
#33 C:\\Miquel\\BonProjecte\\unbonprojecte-fabianmiquel-1\\back\\fabianmiquel\\vendor\\laravel\\framework\\src\\Illuminate\\Routing\\Router.php(807): Illuminate\\Pipeline\\Pipeline->then(Object(Closure))
#34 C:\\Miquel\\BonProjecte\\unbonprojecte-fabianmiquel-1\\back\\fabianmiquel\\vendor\\laravel\\framework\\src\\Illuminate\\Routing\\Router.php(784): Illuminate\\Routing\\Router->runRouteWithinStack(Object(Illuminate\\Routing\\Route), Object(Illuminate\\Http\\Request))
#35 C:\\Miquel\\BonProjecte\\unbonprojecte-fabianmiquel-1\\back\\fabianmiquel\\vendor\\laravel\\framework\\src\\Illuminate\\Routing\\Router.php(748): Illuminate\\Routing\\Router->runRoute(Object(Illuminate\\Http\\Request), Object(Illuminate\\Routing\\Route))
#36 C:\\Miquel\\BonProjecte\\unbonprojecte-fabianmiquel-1\\back\\fabianmiquel\\vendor\\laravel\\framework\\src\\Illuminate\\Routing\\Router.php(737): Illuminate\\Routing\\Router->dispatchToRoute(Object(Illuminate\\Http\\Request))
#37 C:\\Miquel\\BonProjecte\\unbonprojecte-fabianmiquel-1\\back\\fabianmiquel\\vendor\\laravel\\framework\\src\\Illuminate\\Foundation\\Http\\Kernel.php(200): Illuminate\\Routing\\Router->dispatch(Object(Illuminate\\Http\\Request))
#38 C:\\Miquel\\BonProjecte\\unbonprojecte-fabianmiquel-1\\back\\fabianmiquel\\vendor\\laravel\\framework\\src\\Illuminate\\Pipeline\\Pipeline.php(144): Illuminate\\Foundation\\Http\\Kernel->Illuminate\\Foundation\\Http\\{closure}(Object(Illuminate\\Http\\Request))
#39 C:\\Miquel\\BonProjecte\\unbonprojecte-fabianmiquel-1\\back\\fabianmiquel\\vendor\\laravel\\framework\\src\\Illuminate\\Foundation\\Http\\Middleware\\TransformsRequest.php(21): Illuminate\\Pipeline\\Pipeline->Illuminate\\Pipeline\\{closure}(Object(Illuminate\\Http\\Request))
#40 C:\\Miquel\\BonProjecte\\unbonprojecte-fabianmiquel-1\\back\\fabianmiquel\\vendor\\laravel\\framework\\src\\Illuminate\\Foundation\\Http\\Middleware\\ConvertEmptyStringsToNull.php(31): Illuminate\\Foundation\\Http\\Middleware\\TransformsRequest->handle(Object(Illuminate\\Http\\Request), Object(Closure))
#41 C:\\Miquel\\BonProjecte\\unbonprojecte-fabianmiquel-1\\back\\fabianmiquel\\vendor\\laravel\\framework\\src\\Illuminate\\Pipeline\\Pipeline.php(183): Illuminate\\Foundation\\Http\\Middleware\\ConvertEmptyStringsToNull->handle(Object(Illuminate\\Http\\Request), Object(Closure))
#42 C:\\Miquel\\BonProjecte\\unbonprojecte-fabianmiquel-1\\back\\fabianmiquel\\vendor\\laravel\\framework\\src\\Illuminate\\Foundation\\Http\\Middleware\\TransformsRequest.php(21): Illuminate\\Pipeline\\Pipeline->Illuminate\\Pipeline\\{closure}(Object(Illuminate\\Http\\Request))
#43 C:\\Miquel\\BonProjecte\\unbonprojecte-fabianmiquel-1\\back\\fabianmiquel\\vendor\\laravel\\framework\\src\\Illuminate\\Foundation\\Http\\Middleware\\TrimStrings.php(40): Illuminate\\Foundation\\Http\\Middleware\\TransformsRequest->handle(Object(Illuminate\\Http\\Request), Object(Closure))
#44 C:\\Miquel\\BonProjecte\\unbonprojecte-fabianmiquel-1\\back\\fabianmiquel\\vendor\\laravel\\framework\\src\\Illuminate\\Pipeline\\Pipeline.php(183): Illuminate\\Foundation\\Http\\Middleware\\TrimStrings->handle(Object(Illuminate\\Http\\Request), Object(Closure))
#45 C:\\Miquel\\BonProjecte\\unbonprojecte-fabianmiquel-1\\back\\fabianmiquel\\vendor\\laravel\\framework\\src\\Illuminate\\Foundation\\Http\\Middleware\\ValidatePostSize.php(27): Illuminate\\Pipeline\\Pipeline->Illuminate\\Pipeline\\{closure}(Object(Illuminate\\Http\\Request))
#46 C:\\Miquel\\BonProjecte\\unbonprojecte-fabianmiquel-1\\back\\fabianmiquel\\vendor\\laravel\\framework\\src\\Illuminate\\Pipeline\\Pipeline.php(183): Illuminate\\Foundation\\Http\\Middleware\\ValidatePostSize->handle(Object(Illuminate\\Http\\Request), Object(Closure))
#47 C:\\Miquel\\BonProjecte\\unbonprojecte-fabianmiquel-1\\back\\fabianmiquel\\vendor\\laravel\\framework\\src\\Illuminate\\Foundation\\Http\\Middleware\\PreventRequestsDuringMaintenance.php(99): Illuminate\\Pipeline\\Pipeline->Illuminate\\Pipeline\\{closure}(Object(Illuminate\\Http\\Request))
#48 C:\\Miquel\\BonProjecte\\unbonprojecte-fabianmiquel-1\\back\\fabianmiquel\\vendor\\laravel\\framework\\src\\Illuminate\\Pipeline\\Pipeline.php(183): Illuminate\\Foundation\\Http\\Middleware\\PreventRequestsDuringMaintenance->handle(Object(Illuminate\\Http\\Request), Object(Closure))
#49 C:\\Miquel\\BonProjecte\\unbonprojecte-fabianmiquel-1\\back\\fabianmiquel\\vendor\\laravel\\framework\\src\\Illuminate\\Http\\Middleware\\HandleCors.php(62): Illuminate\\Pipeline\\Pipeline->Illuminate\\Pipeline\\{closure}(Object(Illuminate\\Http\\Request))
#50 C:\\Miquel\\BonProjecte\\unbonprojecte-fabianmiquel-1\\back\\fabianmiquel\\vendor\\laravel\\framework\\src\\Illuminate\\Pipeline\\Pipeline.php(183): Illuminate\\Http\\Middleware\\HandleCors->handle(Object(Illuminate\\Http\\Request), Object(Closure))
#51 C:\\Miquel\\BonProjecte\\unbonprojecte-fabianmiquel-1\\back\\fabianmiquel\\vendor\\laravel\\framework\\src\\Illuminate\\Http\\Middleware\\TrustProxies.php(39): Illuminate\\Pipeline\\Pipeline->Illuminate\\Pipeline\\{closure}(Object(Illuminate\\Http\\Request))
#52 C:\\Miquel\\BonProjecte\\unbonprojecte-fabianmiquel-1\\back\\fabianmiquel\\vendor\\laravel\\framework\\src\\Illuminate\\Pipeline\\Pipeline.php(183): Illuminate\\Http\\Middleware\\TrustProxies->handle(Object(Illuminate\\Http\\Request), Object(Closure))
#53 C:\\Miquel\\BonProjecte\\unbonprojecte-fabianmiquel-1\\back\\fabianmiquel\\vendor\\laravel\\framework\\src\\Illuminate\\Pipeline\\Pipeline.php(119): Illuminate\\Pipeline\\Pipeline->Illuminate\\Pipeline\\{closure}(Object(Illuminate\\Http\\Request))
#54 C:\\Miquel\\BonProjecte\\unbonprojecte-fabianmiquel-1\\back\\fabianmiquel\\vendor\\laravel\\framework\\src\\Illuminate\\Foundation\\Http\\Kernel.php(175): Illuminate\\Pipeline\\Pipeline->then(Object(Closure))
#55 C:\\Miquel\\BonProjecte\\unbonprojecte-fabianmiquel-1\\back\\fabianmiquel\\vendor\\laravel\\framework\\src\\Illuminate\\Foundation\\Http\\Kernel.php(144): Illuminate\\Foundation\\Http\\Kernel->sendRequestThroughRouter(Object(Illuminate\\Http\\Request))
#56 C:\\Miquel\\BonProjecte\\unbonprojecte-fabianmiquel-1\\back\\fabianmiquel\\public\\index.php(52): Illuminate\\Foundation\\Http\\Kernel->handle(Object(Illuminate\\Http\\Request))
#57 C:\\Miquel\\BonProjecte\\unbonprojecte-fabianmiquel-1\\back\\fabianmiquel\\vendor\\laravel\\framework\\src\\Illuminate\\Foundation\\resources\\server.php(16): require_once('C:\\\\Miquel\\\\BonPr...')
#58 {main}
"} 
